<?xml version="1.0" encoding="UTF-8"?>
<!-- Generated by org.testng.reporters.JUnitXMLReporter -->
<testsuite ignored="0" hostname="DESKTOP-25A5VGP" failures="0" tests="2" name="Default test" time="13.437" errors="0" timestamp="2023-03-04T17:04:18 CET">
  <testcase classname="automationtesting.co.uk.TC_0001_Login_Functionality" name="correctUsernameAndPassword" time="5.865"/>
  <testcase classname="automationtesting.co.uk.TC_0001_Login_Functionality" name="incorrectUsernameAndPassword" time="1.969"/>
</testsuite> <!-- Default test -->
