<?xml version="1.0" encoding="UTF-8"?>
<!-- Generated by org.testng.reporters.JUnitXMLReporter -->
<testsuite ignored="0" hostname="DESKTOP-25A5VGP" failures="0" tests="2" name="Default test" time="16.748" errors="0" timestamp="2023-08-01T13:47:38 CEST">
  <testcase classname="automationtesting.co.uk.TC_0001_Login_Functionality" name="correctUsernameAndPassword" time="5.948"/>
  <testcase classname="automationtesting.co.uk.TC_0001_Login_Functionality" name="incorrectUsernameAndPassword" time="2.42"/>
</testsuite> <!-- Default test -->
