<?xml version="1.0" encoding="UTF-8"?>
<!-- Generated by org.testng.reporters.JUnitXMLReporter -->
<testsuite ignored="0" hostname="DESKTOP-25A5VGP" failures="0" tests="2" name="Test2" time="13.96" errors="0" timestamp="2023-08-04T04:17:30 CEST">
  <testcase classname="automationtesting.co.uk.TC_0001_Login_Functionality" name="correctUsernameAndPassword" time="6.297"/>
  <testcase classname="automationtesting.co.uk.TC_0001_Login_Functionality" name="incorrectUsernameAndPassword" time="2.133"/>
</testsuite> <!-- Test2 -->
