<?xml version="1.0" encoding="UTF-8"?>
<!-- Generated by org.testng.reporters.JUnitXMLReporter -->
<testsuite ignored="2" hostname="DESKTOP-25A5VGP" failures="0" tests="3" name="Test" time="13.682" errors="0" timestamp="2023-07-30T14:15:41 CEST">
  <testcase classname="automationtesting.co.uk.TC_0002_Calculator_Functionality" name="plusFunctionality" time="0.618"/>
  <testcase classname="automationtesting.co.uk.TC_0001_Login_Functionality" name="correctUsernameAndPassword" time="5.158"/>
  <testcase classname="automationtesting.co.uk.TC_0001_Login_Functionality" name="incorrectUsernameAndPassword" time="1.927"/>
  <testcase classname="base.Hooks" name="@BeforeTest setup" time="0.0">
    <ignored/>
  </testcase> <!-- @BeforeTest setup -->
  <testcase classname="base.Hooks" name="@AfterTest tearDown" time="0.0">
    <ignored/>
  </testcase> <!-- @AfterTest tearDown -->
</testsuite> <!-- Test -->
