<?xml version="1.0" encoding="UTF-8"?>
<testng-results ignored="0" total="3" passed="3" failed="0" skipped="0">
  <reporter-output>
    <line>
      <![CDATA[Test pass, user can login with correct Username and Password]]>
    </line>
    <line>
      <![CDATA[Test pass, user cannot login with incorrect Username and Password]]>
    </line>
  </reporter-output>
  <suite started-at="2023-08-01T13:48:25 CEST" name="Suite" finished-at="2023-08-01T13:48:43 CEST" duration-ms="18827">
    <groups>
    </groups>
    <test started-at="2023-08-01T13:48:25 CEST" name="Test1" finished-at="2023-08-01T13:48:35 CEST" duration-ms="10906">
      <class name="automationtesting.co.uk.TC_0002_Calculator_Functionality">
        <test-method is-config="true" signature="setup()[pri:0, instance:automationtesting.co.uk.TC_0002_Calculator_Functionality@194bcebf]" started-at="2023-08-01T13:48:25 CEST" name="setup" finished-at="2023-08-01T13:48:32 CEST" duration-ms="7785" status="PASS">
          <reporter-output>
          </reporter-output>
        </test-method> <!-- setup -->
        <test-method signature="plusFunctionality()[pri:0, instance:automationtesting.co.uk.TC_0002_Calculator_Functionality@194bcebf]" started-at="2023-08-01T13:48:32 CEST" name="plusFunctionality" finished-at="2023-08-01T13:48:34 CEST" duration-ms="1816" status="PASS">
          <reporter-output>
          </reporter-output>
        </test-method> <!-- plusFunctionality -->
        <test-method is-config="true" signature="tearDown()[pri:0, instance:automationtesting.co.uk.TC_0002_Calculator_Functionality@194bcebf]" started-at="2023-08-01T13:48:34 CEST" name="tearDown" finished-at="2023-08-01T13:48:35 CEST" duration-ms="1222" status="PASS">
          <reporter-output>
          </reporter-output>
        </test-method> <!-- tearDown -->
      </class> <!-- automationtesting.co.uk.TC_0002_Calculator_Functionality -->
    </test> <!-- Test1 -->
    <test started-at="2023-08-01T13:48:25 CEST" name="Test2" finished-at="2023-08-01T13:48:43 CEST" duration-ms="18827">
      <class name="automationtesting.co.uk.TC_0001_Login_Functionality">
        <test-method is-config="true" signature="setup()[pri:0, instance:automationtesting.co.uk.TC_0001_Login_Functionality@4f80542f]" started-at="2023-08-01T13:48:25 CEST" name="setup" finished-at="2023-08-01T13:48:32 CEST" duration-ms="7855" status="PASS">
          <reporter-output>
          </reporter-output>
        </test-method> <!-- setup -->
        <test-method signature="correctUsernameAndPassword()[pri:1, instance:automationtesting.co.uk.TC_0001_Login_Functionality@4f80542f]" started-at="2023-08-01T13:48:32 CEST" name="correctUsernameAndPassword" finished-at="2023-08-01T13:48:39 CEST" duration-ms="7045" status="PASS">
          <reporter-output>
            <line>
              <![CDATA[Test pass, user can login with correct Username and Password]]>
            </line>
          </reporter-output>
        </test-method> <!-- correctUsernameAndPassword -->
        <test-method signature="incorrectUsernameAndPassword()[pri:2, instance:automationtesting.co.uk.TC_0001_Login_Functionality@4f80542f]" started-at="2023-08-01T13:48:39 CEST" name="incorrectUsernameAndPassword" finished-at="2023-08-01T13:48:42 CEST" duration-ms="2502" status="PASS">
          <reporter-output>
            <line>
              <![CDATA[Test pass, user cannot login with incorrect Username and Password]]>
            </line>
          </reporter-output>
        </test-method> <!-- incorrectUsernameAndPassword -->
        <test-method is-config="true" signature="tearDown()[pri:0, instance:automationtesting.co.uk.TC_0001_Login_Functionality@4f80542f]" started-at="2023-08-01T13:48:42 CEST" name="tearDown" finished-at="2023-08-01T13:48:43 CEST" duration-ms="1398" status="PASS">
          <reporter-output>
          </reporter-output>
        </test-method> <!-- tearDown -->
      </class> <!-- automationtesting.co.uk.TC_0001_Login_Functionality -->
    </test> <!-- Test2 -->
  </suite> <!-- Suite -->
</testng-results>
