<?xml version="1.0" encoding="UTF-8"?>
<testng-results ignored="0" total="1" passed="1" failed="0" skipped="0">
  <reporter-output>
  </reporter-output>
  <suite started-at="2023-02-20T14:54:38 CET" name="Default suite" finished-at="2023-02-20T14:54:43 CET" duration-ms="5492">
    <groups>
    </groups>
    <test started-at="2023-02-20T14:54:38 CET" name="Default test" finished-at="2023-02-20T14:54:43 CET" duration-ms="5492">
      <class name="automationtesting.co.uk.LoginTest">
        <test-method is-config="true" signature="setup()[pri:0, instance:automationtesting.co.uk.LoginTest@7bba5817]" started-at="2023-02-20T14:54:38 CET" name="setup" finished-at="2023-02-20T14:54:42 CET" duration-ms="4166" status="PASS">
          <reporter-output>
          </reporter-output>
        </test-method> <!-- setup -->
        <test-method signature="loginTest()[pri:0, instance:automationtesting.co.uk.LoginTest@7bba5817]" started-at="2023-02-20T14:54:42 CET" name="loginTest" finished-at="2023-02-20T14:54:43 CET" duration-ms="1135" status="PASS">
          <reporter-output>
          </reporter-output>
        </test-method> <!-- loginTest -->
        <test-method is-config="true" signature="tearDown()[pri:0, instance:automationtesting.co.uk.LoginTest@7bba5817]" started-at="2023-02-20T14:54:43 CET" name="tearDown" finished-at="2023-02-20T14:54:43 CET" duration-ms="128" status="PASS">
          <reporter-output>
          </reporter-output>
        </test-method> <!-- tearDown -->
      </class> <!-- automationtesting.co.uk.LoginTest -->
    </test> <!-- Default test -->
  </suite> <!-- Default suite -->
</testng-results>
